<?xml version="1.0" encoding="UTF-8"?>
<testng-results skipped="1" failed="0" total="1" passed="0">
  <reporter-output>
  </reporter-output>
  <suite name="Command line suite" duration-ms="51" started-at="2020-02-14T04:57:20Z" finished-at="2020-02-14T04:57:20Z">
    <groups>
    </groups>
    <test name="Command line test" duration-ms="51" started-at="2020-02-14T04:57:20Z" finished-at="2020-02-14T04:57:20Z">
      <class name="com.amazon.testfiles.VerifyAmazonTest">
        <test-method status="FAIL" signature="LaunchBrowser(java.lang.String)[pri:0, instance:com.amazon.testfiles.VerifyAmazonTest@3551a94]" name="LaunchBrowser" is-config="true" duration-ms="0" started-at="2020-02-13T23:57:20Z" finished-at="2020-02-13T23:57:20Z">
          <exception class="org.testng.TestNGException">
            <message>
              <![CDATA[
Parameter 'browser' is required by @Configuration on method LaunchBrowser but has not been marked @Optional or defined
]]>
            </message>
            <full-stacktrace>
              <![CDATA[org.testng.TestNGException: 
Parameter 'browser' is required by @Configuration on method LaunchBrowser but has not been marked @Optional or defined

	at org.testng.internal.Parameters.createParameters(Parameters.java:155)
	at org.testng.internal.Parameters.createParameters(Parameters.java:358)
	at org.testng.internal.Parameters.createConfigurationParameters(Parameters.java:86)
	at org.testng.internal.Invoker.invokeConfigurations(Invoker.java:199)
	at org.testng.internal.Invoker.invokeConfigurations(Invoker.java:138)
	at org.testng.TestRunner.beforeRun(TestRunner.java:641)
	at org.testng.TestRunner.run(TestRunner.java:609)
	at org.testng.SuiteRunner.runTest(SuiteRunner.java:348)
	at org.testng.SuiteRunner.runSequentially(SuiteRunner.java:343)
	at org.testng.SuiteRunner.privateRun(SuiteRunner.java:305)
	at org.testng.SuiteRunner.run(SuiteRunner.java:254)
	at org.testng.SuiteRunnerWorker.runSuite(SuiteRunnerWorker.java:52)
	at org.testng.SuiteRunnerWorker.run(SuiteRunnerWorker.java:86)
	at org.testng.TestNG.runSuitesSequentially(TestNG.java:1224)
	at org.testng.TestNG.runSuitesLocally(TestNG.java:1149)
	at org.testng.TestNG.run(TestNG.java:1057)
	at org.apache.maven.surefire.testng.TestNGExecutor.run(TestNGExecutor.java:77)
	at org.apache.maven.surefire.testng.TestNGDirectoryTestSuite.executeMulti(TestNGDirectoryTestSuite.java:159)
	at org.apache.maven.surefire.testng.TestNGDirectoryTestSuite.execute(TestNGDirectoryTestSuite.java:99)
	at org.apache.maven.surefire.testng.TestNGProvider.invoke(TestNGProvider.java:106)
	at sun.reflect.NativeMethodAccessorImpl.invoke0(Native Method)
	at sun.reflect.NativeMethodAccessorImpl.invoke(Unknown Source)
	at sun.reflect.DelegatingMethodAccessorImpl.invoke(Unknown Source)
	at java.lang.reflect.Method.invoke(Unknown Source)
	at org.apache.maven.surefire.util.ReflectionUtils.invokeMethodWithArray(ReflectionUtils.java:189)
	at org.apache.maven.surefire.booter.ProviderFactory$ProviderProxy.invoke(ProviderFactory.java:165)
	at org.apache.maven.surefire.booter.ProviderFactory.invokeProvider(ProviderFactory.java:85)
	at org.apache.maven.surefire.booter.ForkedBooter.runSuitesInProcess(ForkedBooter.java:115)
	at org.apache.maven.surefire.booter.ForkedBooter.main(ForkedBooter.java:75)
]]>
            </full-stacktrace>
          </exception> <!-- org.testng.TestNGException -->
          <reporter-output>
          </reporter-output>
        </test-method> <!-- LaunchBrowser -->
        <test-method status="SKIP" signature="AmazonRun()[pri:0, instance:com.amazon.testfiles.VerifyAmazonTest@3551a94]" name="AmazonRun" duration-ms="19" started-at="2020-02-13T23:57:20Z" finished-at="2020-02-13T23:57:20Z">
          <reporter-output>
          </reporter-output>
        </test-method> <!-- AmazonRun -->
        <test-method status="SKIP" signature="terminateBrowser()[pri:0, instance:com.amazon.testfiles.VerifyAmazonTest@3551a94]" name="terminateBrowser" is-config="true" duration-ms="0" started-at="2020-02-13T23:57:20Z" finished-at="2020-02-13T23:57:20Z">
          <reporter-output>
          </reporter-output>
        </test-method> <!-- terminateBrowser -->
      </class> <!-- com.amazon.testfiles.VerifyAmazonTest -->
    </test> <!-- Command line test -->
  </suite> <!-- Command line suite -->
</testng-results>
